2007.01.23 10:13 B C:\Documents and Settings\jmicheal\Desktop\Pricing\images\active.gif --> Savantit.com /savantin/Pricing/images active.gif
2007.01.23 10:13 B C:\Documents and Settings\jmicheal\Desktop\Pricing\images\add.gif --> Savantit.com /savantin/Pricing/images add.gif
2007.01.23 10:13 B C:\Documents and Settings\jmicheal\Desktop\Pricing\images\banner_base.gif --> Savantit.com /savantin/Pricing/images banner_base.gif
2007.01.23 10:13 B C:\Documents and Settings\jmicheal\Desktop\Pricing\images\banner_bg.gif --> Savantit.com /savantin/Pricing/images banner_bg.gif
2007.01.23 10:13 B C:\Documents and Settings\jmicheal\Desktop\Pricing\images\banner_loginfo_bg.gif --> Savantit.com /savantin/Pricing/images banner_loginfo_bg.gif
2007.01.23 10:13 B C:\Documents and Settings\jmicheal\Desktop\Pricing\images\banner_loginfo_con.gif --> Savantit.com /savantin/Pricing/images banner_loginfo_con.gif
2007.01.23 10:14 B C:\Documents and Settings\jmicheal\Desktop\Pricing\images\banner_text.gif --> Savantit.com /savantin/Pricing/images banner_text.gif
2007.01.23 10:14 B C:\Documents and Settings\jmicheal\Desktop\Pricing\images\btn_signin.gif --> Savantit.com /savantin/Pricing/images btn_signin.gif
2007.01.23 10:14 B C:\Documents and Settings\jmicheal\Desktop\Pricing\images\calendar.gif --> Savantit.com /savantin/Pricing/images calendar.gif
2007.01.23 10:14 B C:\Documents and Settings\jmicheal\Desktop\Pricing\images\chart.gif --> Savantit.com /savantin/Pricing/images chart.gif
2007.01.23 10:14 B C:\Documents and Settings\jmicheal\Desktop\Pricing\images\close.gif --> Savantit.com /savantin/Pricing/images close.gif
2007.01.23 10:14 B C:\Documents and Settings\jmicheal\Desktop\Pricing\images\CS.bmp --> Savantit.com /savantin/Pricing/images CS.bmp
2007.01.23 10:14 B C:\Documents and Settings\jmicheal\Desktop\Pricing\images\details_icon.gif --> Savantit.com /savantin/Pricing/images details_icon.gif
2007.01.23 10:14 B C:\Documents and Settings\jmicheal\Desktop\Pricing\images\edit.gif --> Savantit.com /savantin/Pricing/images edit.gif
2007.01.23 10:14 B C:\Documents and Settings\jmicheal\Desktop\Pricing\images\empty.gif --> Savantit.com /savantin/Pricing/images empty.gif
2007.01.23 10:14 B C:\Documents and Settings\jmicheal\Desktop\Pricing\images\excel_icon.gif --> Savantit.com /savantin/Pricing/images excel_icon.gif
2007.01.23 10:14 B C:\Documents and Settings\jmicheal\Desktop\Pricing\images\false.gif --> Savantit.com /savantin/Pricing/images false.gif
2007.01.23 10:14 B C:\Documents and Settings\jmicheal\Desktop\Pricing\images\false_1.gif --> Savantit.com /savantin/Pricing/images false_1.gif
2007.01.23 10:14 B C:\Documents and Settings\jmicheal\Desktop\Pricing\images\hide.gif --> Savantit.com /savantin/Pricing/images hide.gif
2007.01.23 10:14 B C:\Documents and Settings\jmicheal\Desktop\Pricing\images\icon_logoff.gif --> Savantit.com /savantin/Pricing/images icon_logoff.gif
2007.01.23 10:14 B C:\Documents and Settings\jmicheal\Desktop\Pricing\images\icon_settings.gif --> Savantit.com /savantin/Pricing/images icon_settings.gif
2007.01.23 10:14 B C:\Documents and Settings\jmicheal\Desktop\Pricing\images\inactive.gif --> Savantit.com /savantin/Pricing/images inactive.gif
2007.01.23 10:14 B C:\Documents and Settings\jmicheal\Desktop\Pricing\images\increase.gif --> Savantit.com /savantin/Pricing/images increase.gif
2007.01.23 10:14 B C:\Documents and Settings\jmicheal\Desktop\Pricing\images\jfree1.gif --> Savantit.com /savantin/Pricing/images jfree1.gif
2007.01.23 10:14 B C:\Documents and Settings\jmicheal\Desktop\Pricing\images\jfree10.gif --> Savantit.com /savantin/Pricing/images jfree10.gif
2007.01.23 10:14 B C:\Documents and Settings\jmicheal\Desktop\Pricing\images\jfree2.gif --> Savantit.com /savantin/Pricing/images jfree2.gif
2007.01.23 10:14 B C:\Documents and Settings\jmicheal\Desktop\Pricing\images\jfree3.gif --> Savantit.com /savantin/Pricing/images jfree3.gif
2007.01.23 10:14 B C:\Documents and Settings\jmicheal\Desktop\Pricing\images\jfree4.gif --> Savantit.com /savantin/Pricing/images jfree4.gif
2007.01.23 10:14 B C:\Documents and Settings\jmicheal\Desktop\Pricing\images\jfree5.gif --> Savantit.com /savantin/Pricing/images jfree5.gif
2007.01.23 10:14 B C:\Documents and Settings\jmicheal\Desktop\Pricing\images\jfree6.gif --> Savantit.com /savantin/Pricing/images jfree6.gif
2007.01.23 10:14 B C:\Documents and Settings\jmicheal\Desktop\Pricing\images\jfree7.gif --> Savantit.com /savantin/Pricing/images jfree7.gif
2007.01.23 10:15 B C:\Documents and Settings\jmicheal\Desktop\Pricing\images\jfree8.gif --> Savantit.com /savantin/Pricing/images jfree8.gif
2007.01.23 10:15 B C:\Documents and Settings\jmicheal\Desktop\Pricing\images\jfree9.gif --> Savantit.com /savantin/Pricing/images jfree9.gif
2007.01.23 10:15 B C:\Documents and Settings\jmicheal\Desktop\Pricing\images\legend1.gif --> Savantit.com /savantin/Pricing/images legend1.gif
2007.01.23 10:15 B C:\Documents and Settings\jmicheal\Desktop\Pricing\images\legend10.gif --> Savantit.com /savantin/Pricing/images legend10.gif
2007.01.23 10:15 B C:\Documents and Settings\jmicheal\Desktop\Pricing\images\legend2.gif --> Savantit.com /savantin/Pricing/images legend2.gif
2007.01.23 10:15 B C:\Documents and Settings\jmicheal\Desktop\Pricing\images\legend3.gif --> Savantit.com /savantin/Pricing/images legend3.gif
2007.01.23 10:15 B C:\Documents and Settings\jmicheal\Desktop\Pricing\images\legend4.gif --> Savantit.com /savantin/Pricing/images legend4.gif
2007.01.23 10:15 B C:\Documents and Settings\jmicheal\Desktop\Pricing\images\legend5.gif --> Savantit.com /savantin/Pricing/images legend5.gif
2007.01.23 10:15 B C:\Documents and Settings\jmicheal\Desktop\Pricing\images\legend6.gif --> Savantit.com /savantin/Pricing/images legend6.gif
2007.01.23 10:15 B C:\Documents and Settings\jmicheal\Desktop\Pricing\images\legend7.gif --> Savantit.com /savantin/Pricing/images legend7.gif
2007.01.23 10:15 B C:\Documents and Settings\jmicheal\Desktop\Pricing\images\legend8.gif --> Savantit.com /savantin/Pricing/images legend8.gif
2007.01.23 10:15 B C:\Documents and Settings\jmicheal\Desktop\Pricing\images\legend9.gif --> Savantit.com /savantin/Pricing/images legend9.gif
2007.01.23 10:15 B C:\Documents and Settings\jmicheal\Desktop\Pricing\images\LF.bmp --> Savantit.com /savantin/Pricing/images LF.bmp
2007.01.23 10:15 B C:\Documents and Settings\jmicheal\Desktop\Pricing\images\locked.gif --> Savantit.com /savantin/Pricing/images locked.gif
2007.01.23 10:15 B C:\Documents and Settings\jmicheal\Desktop\Pricing\images\log_bg.gif --> Savantit.com /savantin/Pricing/images log_bg.gif
2007.01.23 10:15 B C:\Documents and Settings\jmicheal\Desktop\Pricing\images\log_con.gif --> Savantit.com /savantin/Pricing/images log_con.gif
2007.01.23 10:15 B C:\Documents and Settings\jmicheal\Desktop\Pricing\images\Login-Palette.gif --> Savantit.com /savantin/Pricing/images Login-Palette.gif
2007.01.23 10:16 B C:\Documents and Settings\jmicheal\Desktop\Pricing\images\login_bg.gif --> Savantit.com /savantin/Pricing/images login_bg.gif
2007.01.23 10:16 B C:\Documents and Settings\jmicheal\Desktop\Pricing\images\login_icon.gif --> Savantit.com /savantin/Pricing/images login_icon.gif
2007.01.23 10:16 B C:\Documents and Settings\jmicheal\Desktop\Pricing\images\logo.gif --> Savantit.com /savantin/Pricing/images logo.gif
2007.01.23 10:16 B C:\Documents and Settings\jmicheal\Desktop\Pricing\images\logo_old.gif --> Savantit.com /savantin/Pricing/images logo_old.gif
2007.01.23 10:16 B C:\Documents and Settings\jmicheal\Desktop\Pricing\images\logo_small.gif --> Savantit.com /savantin/Pricing/images logo_small.gif
2007.01.23 10:16 B C:\Documents and Settings\jmicheal\Desktop\Pricing\images\logout.gif --> Savantit.com /savantin/Pricing/images logout.gif
2007.01.23 10:16 B C:\Documents and Settings\jmicheal\Desktop\Pricing\images\magnify.gif --> Savantit.com /savantin/Pricing/images magnify.gif
2007.01.23 10:16 B C:\Documents and Settings\jmicheal\Desktop\Pricing\images\magnify2.gif --> Savantit.com /savantin/Pricing/images magnify2.gif
2007.01.23 10:16 B C:\Documents and Settings\jmicheal\Desktop\Pricing\images\menu_m1ia.gif --> Savantit.com /savantin/Pricing/images menu_m1ia.gif
2007.01.23 10:16 B C:\Documents and Settings\jmicheal\Desktop\Pricing\images\menu_m1iad.gif --> Savantit.com /savantin/Pricing/images menu_m1iad.gif
2007.01.23 10:16 B C:\Documents and Settings\jmicheal\Desktop\Pricing\images\menu_m1sdown.gif --> Savantit.com /savantin/Pricing/images menu_m1sdown.gif
2007.01.23 10:16 B C:\Documents and Settings\jmicheal\Desktop\Pricing\images\menu_m1sup.gif --> Savantit.com /savantin/Pricing/images menu_m1sup.gif
2007.01.23 10:16 B C:\Documents and Settings\jmicheal\Desktop\Pricing\images\menutitle_arrow_close.gif --> Savantit.com /savantin/Pricing/images menutitle_arrow_close.gif
2007.01.23 10:16 B C:\Documents and Settings\jmicheal\Desktop\Pricing\images\menutitle_arrow_open.gif --> Savantit.com /savantin/Pricing/images menutitle_arrow_open.gif
2007.01.23 10:16 B C:\Documents and Settings\jmicheal\Desktop\Pricing\images\MT.bmp --> Savantit.com /savantin/Pricing/images MT.bmp
2007.01.23 10:16 B C:\Documents and Settings\jmicheal\Desktop\Pricing\images\next.gif --> Savantit.com /savantin/Pricing/images next.gif
2007.01.23 10:16 B C:\Documents and Settings\jmicheal\Desktop\Pricing\images\next_month.gif --> Savantit.com /savantin/Pricing/images next_month.gif
2007.01.23 10:16 B C:\Documents and Settings\jmicheal\Desktop\Pricing\images\next_page.gif --> Savantit.com /savantin/Pricing/images next_page.gif
2007.01.23 10:16 B C:\Documents and Settings\jmicheal\Desktop\Pricing\images\next_year.gif --> Savantit.com /savantin/Pricing/images next_year.gif
2007.01.23 10:17 B C:\Documents and Settings\jmicheal\Desktop\Pricing\images\on.gif --> Savantit.com /savantin/Pricing/images on.gif
2007.01.23 10:17 B C:\Documents and Settings\jmicheal\Desktop\Pricing\images\open.gif --> Savantit.com /savantin/Pricing/images open.gif
2007.01.23 10:17 B C:\Documents and Settings\jmicheal\Desktop\Pricing\images\pagebg.gif --> Savantit.com /savantin/Pricing/images pagebg.gif
2007.01.23 10:17 B C:\Documents and Settings\jmicheal\Desktop\Pricing\images\prev_month.gif --> Savantit.com /savantin/Pricing/images prev_month.gif
2007.01.23 10:17 B C:\Documents and Settings\jmicheal\Desktop\Pricing\images\prev_year.gif --> Savantit.com /savantin/Pricing/images prev_year.gif
2007.01.23 10:17 B C:\Documents and Settings\jmicheal\Desktop\Pricing\images\previous.gif --> Savantit.com /savantin/Pricing/images previous.gif
2007.01.23 10:17 B C:\Documents and Settings\jmicheal\Desktop\Pricing\images\previous_page.gif --> Savantit.com /savantin/Pricing/images previous_page.gif
2007.01.23 10:17 B C:\Documents and Settings\jmicheal\Desktop\Pricing\images\reduce.gif --> Savantit.com /savantin/Pricing/images reduce.gif
2007.01.23 10:17 B C:\Documents and Settings\jmicheal\Desktop\Pricing\images\remove.gif --> Savantit.com /savantin/Pricing/images remove.gif
2007.01.23 10:17 B C:\Documents and Settings\jmicheal\Desktop\Pricing\images\reports_icon.gif --> Savantit.com /savantin/Pricing/images reports_icon.gif
2007.01.23 10:18 B C:\Documents and Settings\jmicheal\Desktop\Pricing\images\reviewChart1.bmp --> Savantit.com /savantin/Pricing/images reviewChart1.bmp
2007.01.23 10:18 B C:\Documents and Settings\jmicheal\Desktop\Pricing\images\reviewChart2.bmp --> Savantit.com /savantin/Pricing/images reviewChart2.bmp
2007.01.23 10:19 B C:\Documents and Settings\jmicheal\Desktop\Pricing\images\reviewChart3.bmp --> Savantit.com /savantin/Pricing/images reviewChart3.bmp
2007.01.23 10:19 B C:\Documents and Settings\jmicheal\Desktop\Pricing\images\reviewChart4.bmp --> Savantit.com /savantin/Pricing/images reviewChart4.bmp
2007.01.23 10:20 B C:\Documents and Settings\jmicheal\Desktop\Pricing\images\reviewChart5.bmp --> Savantit.com /savantin/Pricing/images reviewChart5.bmp
2007.01.23 10:20 B C:\Documents and Settings\jmicheal\Desktop\Pricing\images\reviewChart6.bmp --> Savantit.com /savantin/Pricing/images reviewChart6.bmp
2007.01.23 10:20 B C:\Documents and Settings\jmicheal\Desktop\Pricing\images\settings.gif --> Savantit.com /savantin/Pricing/images settings.gif
2007.01.23 10:20 B C:\Documents and Settings\jmicheal\Desktop\Pricing\images\show.gif --> Savantit.com /savantin/Pricing/images show.gif
2007.01.23 10:21 B C:\Documents and Settings\jmicheal\Desktop\Pricing\images\sort.gif --> Savantit.com /savantin/Pricing/images sort.gif
2007.01.23 10:21 B C:\Documents and Settings\jmicheal\Desktop\Pricing\images\sort_up.gif --> Savantit.com /savantin/Pricing/images sort_up.gif
2007.01.23 10:21 B C:\Documents and Settings\jmicheal\Desktop\Pricing\images\spacer.gif --> Savantit.com /savantin/Pricing/images spacer.gif
2007.01.23 10:21 B C:\Documents and Settings\jmicheal\Desktop\Pricing\images\submenu_arrow.gif --> Savantit.com /savantin/Pricing/images submenu_arrow.gif
2007.01.23 10:21 B C:\Documents and Settings\jmicheal\Desktop\Pricing\images\tabcon.gif --> Savantit.com /savantin/Pricing/images tabcon.gif
2007.01.23 10:21 B C:\Documents and Settings\jmicheal\Desktop\Pricing\images\Thumbs.db --> Savantit.com /savantin/Pricing/images Thumbs.db
2007.01.23 10:21 B C:\Documents and Settings\jmicheal\Desktop\Pricing\images\trash.jpg --> Savantit.com /savantin/Pricing/images trash.jpg
2007.01.23 10:21 B C:\Documents and Settings\jmicheal\Desktop\Pricing\images\true.gif --> Savantit.com /savantin/Pricing/images true.gif
